<?xml version="1.0" encoding="utf-8"?><testsuites name="pytest tests"><testsuite name="pytest" errors="0" failures="0" skipped="0" tests="17" time="10.247" timestamp="2026-03-09T12:53:31.933370+00:00" hostname="agent-env-dd3e06b8-d26e-4a5e-801d-97a1290f96cf"><testcase classname="tests.test_analytics.TestAnalyticsEndpoints" name="test_get_analytics_structure" time="0.533" /><testcase classname="tests.test_auth.TestAuthEndpoints" name="test_register_success" time="0.331" /><testcase classname="tests.test_auth.TestAuthEndpoints" name="test_register_duplicate_email" time="0.448" /><testcase classname="tests.test_auth.TestAuthEndpoints" name="test_login_success" time="0.625" /><testcase classname="tests.test_auth.TestAuthEndpoints" name="test_login_invalid_credentials" time="0.097" /><testcase classname="tests.test_auth.TestAuthEndpoints" name="test_auth_me_with_token" time="0.461" /><testcase classname="tests.test_auth.TestAuthEndpoints" name="test_auth_me_without_token" time="0.101" /><testcase classname="tests.test_auth.TestAuthEndpoints" name="test_logout" time="0.614" /><testcase classname="tests.test_outfit.TestOutfitEndpoints" name="test_get_outfit_history_empty" time="0.390" /><testcase classname="tests.test_outfit.TestOutfitEndpoints" name="test_get_saved_outfits" time="0.420" /><testcase classname="tests.test_wardrobe.TestWardrobeEndpoints" name="test_get_wardrobe_empty" time="0.439" /><testcase classname="tests.test_wardrobe.TestWardrobeEndpoints" name="test_add_wardrobe_item_with_image" time="1.663" /><testcase classname="tests.test_wardrobe.TestWardrobeEndpoints" name="test_get_wardrobe_item_by_id" time="1.500" /><testcase classname="tests.test_wardrobe.TestWardrobeEndpoints" name="test_get_nonexistent_item" time="0.379" /><testcase classname="tests.test_wardrobe.TestWardrobeEndpoints" name="test_delete_wardrobe_item" time="1.408" /><testcase classname="tests.test_wardrobe.TestWardrobeEndpoints" name="test_wardrobe_filter_by_category" time="0.408" /><testcase classname="tests.test_wardrobe.TestWardrobeEndpoints" name="test_wardrobe_search" time="0.373" /></testsuite></testsuites>